<?xml version="1.0" encoding="UTF-8"?>
<Site BuildName="(empty)"
	BuildStamp="20241026-0934-Experimental"
	Name="lucas-workstation"
	Generator="ctest-3.22.1"
	CompilerName="/usr/bin/g++"
	CompilerVersion="11.4.0"
	OSName="Linux"
	Hostname="lucas-workstation"
	OSRelease="6.8.2-rt11+"
	OSVersion="#3 SMP PREEMPT_RT Thu Apr 25 11:40:52 CEST 2024"
	OSPlatform="x86_64"
	Is64Bits="1"
	VendorString="GenuineIntel"
	VendorID="Intel Corporation"
	FamilyID="6"
	ModelID="186"
	ProcessorCacheSize="24576"
	NumberOfLogicalCPU="20"
	NumberOfPhysicalCPU="14"
	TotalVirtualMemory="2047"
	TotalPhysicalMemory="31836"
	LogicalProcessorsPerPhysical="1"
	ProcessorClockFrequency="3709.5"
	>
	<Testing>
		<StartDateTime>Oct 26 11:34 CEST</StartDateTime>
		<StartTestTime>1729935268</StartTestTime>
		<TestList/>
		<EndDateTime>Oct 26 11:34 CEST</EndDateTime>
		<EndTestTime>1729935268</EndTestTime>
		<ElapsedMinutes>0</ElapsedMinutes>
	</Testing>
</Site>
