<?xml version="1.0" encoding="UTF-8"?>
<Site BuildName="(empty)"
	BuildStamp="20241028-0918-Experimental"
	Name="lucas-workstation"
	Generator="ctest-3.22.1"
	CompilerName="/usr/bin/g++"
	CompilerVersion="11.4.0"
	OSName="Linux"
	Hostname="lucas-workstation"
	OSRelease="6.8.2-rt11+"
	OSVersion="#3 SMP PREEMPT_RT Thu Apr 25 11:40:52 CEST 2024"
	OSPlatform="x86_64"
	Is64Bits="1"
	VendorString="GenuineIntel"
	VendorID="Intel Corporation"
	FamilyID="6"
	ModelID="186"
	ProcessorCacheSize="24576"
	NumberOfLogicalCPU="20"
	NumberOfPhysicalCPU="14"
	TotalVirtualMemory="2047"
	TotalPhysicalMemory="31836"
	LogicalProcessorsPerPhysical="1"
	ProcessorClockFrequency="4112.92"
	>
	<Testing>
		<StartDateTime>Oct 28 10:18 CET</StartDateTime>
		<StartTestTime>1730107118</StartTestTime>
		<TestList/>
		<EndDateTime>Oct 28 10:18 CET</EndDateTime>
		<EndTestTime>1730107118</EndTestTime>
		<ElapsedMinutes>0</ElapsedMinutes>
	</Testing>
</Site>
